// 重构日志: cced979c
// 重构日志: 14249ec6
// 重构日志: aa88bb8e
// 重构日志: f3887767
// 重构日志: 5b7887a5
// 重构日志: 8a6fee6e
// 同步 ID: 21cf9ab4 @ Mon Jul 13 08:58:02 UTC 2026
// 同步 ID: e47e2be9 @ Tue Jul 14 06:18:31 UTC 2026
// 重构日志: 40895d09
// 重构日志: 7340c36a
// 重构日志: 51b15837
// 同步 ID: 083e2392 @ Thu Jul 16 17:39:49 UTC 2026
// 同步 ID: f2d6a8f4 @ Fri Jul 17 00:34:36 UTC 2026
// 重构日志: 0f748d6b
// 重构日志: acd14265
// 重构日志: eff0082f
// 重构日志: 3176f029
// 重构日志: c6e5ca1f
// 重构日志: 966a10f1
// 同步 ID: e7ee416b @ Thu Jul 23 05:53:48 UTC 2026
// 重构日志: 8d1aa01e
// 同步 ID: b3031a53 @ Fri Jul 24 01:47:48 UTC 2026
